<?xml version="1.0" encoding="UTF-8"?>
<!-- Generated by org.testng.reporters.JUnitReportReporter -->
<testsuite hostname="LAPTOP-P8G0UT57" failures="0" tests="1" name="test.TestEditTypeWorkLogout" time="69.110" errors="0" timestamp="2021-06-27T20:29:12 IST" skipped="0">
  <testcase classname="test.TestEditTypeWorkLogout" name="editwork" time="69.110"/>
  <system-out/>
</testsuite> <!-- test.TestEditTypeWorkLogout -->
